#
# A fatal error has been detected by the Java Runtime Environment:
#
#  EXCEPTION_STACK_OVERFLOW (0xc00000fd) at pc=0x00007fffc1affc93, pid=2432, tid=8252
#
# JRE version: OpenJDK Runtime Environment (11.0.5+10) (build 11.0.5+10-b520.38)
# Java VM: OpenJDK 64-Bit Server VM (11.0.5+10-b520.38, mixed mode, tiered, compressed oops, g1 gc, windows-amd64)
# Problematic frame:
# V  [jvm.dll+0x36fc93]
#
# No core dump will be written. Minidumps are not enabled by default on client versions of Windows
#
# If you would like to submit a bug report, please visit:
#   http://bugreport.java.com/bugreport/crash.jsp
#

---------------  S U M M A R Y ------------

Command Line: -XX:TieredStopAtLevel=1 -Xverify:none -Dspring.output.ansi.enabled=always -Dcom.sun.management.jmxremote -Dspring.jmx.enabled=true -Dspring.liveBeansView.mbeanDomain -Dspring.application.admin.enabled=true -javaagent:C:\Program Files\JetBrains\IntelliJ IDEA 2019.2\lib\idea_rt.jar=61885:C:\Program Files\JetBrains\IntelliJ IDEA 2019.2\bin -Dfile.encoding=UTF-8 com.example.java_technologies.JavaTechnologiesApplication

Host: Intel(R) Core(TM) i7-4510U CPU @ 2.00GHz, 4 cores, 7G,  Windows 10 , 64 bit Build 18362 (10.0.18362.329)
Time: Thu Mar 26 14:43:32 2020 Eaaeacneia a?aiy (ceia) elapsed time: 3 seconds (0d 0h 0m 3s)

---------------  T H R E A D  ---------------

Current thread (0x0000023da3310800):  JavaThread "JMX server connection timeout 26" daemon [_thread_in_vm, id=8252, stack(0x000000a8de400000,0x000000a8de500000)]

Stack: [0x000000a8de400000,0x000000a8de500000],  sp=0x000000a8de4ffa70,  free space=1022k
Native frames: (J=compiled Java code, j=interpreted, Vv=VM code, C=native code)
V  [jvm.dll+0x36fc93]
V  [jvm.dll+0x5dca22]
V  [jvm.dll+0x37064a]
V  [jvm.dll+0x3708d7]
V  [jvm.dll+0x3e03ad]
V  [jvm.dll+0x6d835f]
V  [jvm.dll+0x6d114d]
V  [jvm.dll+0x5dbdd6]
C  [ucrtbase.dll+0x1d9f2]
C  [KERNEL32.DLL+0x17bd4]
C  [ntdll.dll+0x6cee1]


siginfo: EXCEPTION_STACK_OVERFLOW (0xc00000fd), ExceptionInformation=0x0000000000000001 0x000000a8de4fba70 


Register to memory mapping:

RIP=0x00007fffc1affc93 jvm.dll
RAX=0x0000000000000004 is an unknown value
RBX=0x000000a8de4fba70 is pointing into the stack for thread: 0x0000023da3310800
RCX=0x0000000000001000 is an unknown value
RDX=0x0 is NULL
RSP=0x000000a8de4ffa70 is pointing into the stack for thread: 0x0000023da3310800
RBP=0x0000023da3310800 is a thread
RSI=0x0 is NULL
RDI=0x000000a8de4ffbe0 is pointing into the stack for thread: 0x0000023da3310800
R8 =0x000000a8de4ffa70 is pointing into the stack for thread: 0x0000023da3310800
R9 =0x0000023da3310800 is a thread
R10=0x000000a8de4ffbe0 is pointing into the stack for thread: 0x0000023da3310800
R11=0x000000a8de4ffd90 is pointing into the stack for thread: 0x0000023da3310800
R12=0x0000023d8a85db40 is at code_begin+0 in an Interpreter codelet
method entry point (kind = zerolocals)  [0x0000023d8a85db40, 0x0000023d8a85e040]  1280 bytes
R13=0x000000a8de4ffcc0 is pointing into the stack for thread: 0x0000023da3310800
R14=0x000000a8de4ffd90 is pointing into the stack for thread: 0x0000023da3310800
R15=0x0000023da1d85600 points into unknown readable memory: 04 00 09 00 01 00 06 00


Registers:
RAX=0x0000000000000004, RBX=0x000000a8de4fba70, RCX=0x0000000000001000, RDX=0x0000000000000000
RSP=0x000000a8de4ffa70, RBP=0x0000023da3310800, RSI=0x0000000000000000, RDI=0x000000a8de4ffbe0
R8 =0x000000a8de4ffa70, R9 =0x0000023da3310800, R10=0x000000a8de4ffbe0, R11=0x000000a8de4ffd90
R12=0x0000023d8a85db40, R13=0x000000a8de4ffcc0, R14=0x000000a8de4ffd90, R15=0x0000023da1d85600
RIP=0x00007fffc1affc93, EFLAGS=0x0000000000010202

Top of Stack: (sp=0x000000a8de4ffa70)
0x000000a8de4ffa70:   000000a8de4ffa70 0000000000000000
0x000000a8de4ffa80:   0000000100006b80 000000a8de4ffb90
0x000000a8de4ffa90:   000000a8de4ffbf0 00007fffc1ac9c05
0x000000a8de4ffaa0:   0000000000000000 0000000000000000
0x000000a8de4ffab0:   0000023da08da878 0000023da3310800
0x000000a8de4ffac0:   0000023da3310800 00007fffc1c756db
0x000000a8de4ffad0:   0000000000000001 0000000000000001
0x000000a8de4ffae0:   0000000000000000 0000000000000000
0x000000a8de4ffaf0:   0000023da08da8c0 0000023da32f08e0
0x000000a8de4ffb00:   0000023da08da878 0000023da3310800
0x000000a8de4ffb10:   0000023da08da878 0000023da3310800
0x000000a8de4ffb20:   0000023da1d85678 000000a8de4ffbf0
0x000000a8de4ffb30:   0000023da1d852a0 0000000000000000
0x000000a8de4ffb40:   0000023da1d85678 0000000000000000
0x000000a8de4ffb50:   0000023da1d852a0 0000000000000000
0x000000a8de4ffb60:   000000a8de4ffcc0 000000a8de4ffd90 

Instructions: (pc=0x00007fffc1affc93)
0x00007fffc1affb93:   c0 48 48 89 9c 24 10 01 00 00 4c 89 a4 24 d8 00
0x00007fffc1affba3:   00 00 48 89 84 24 80 00 00 00 4c 8b 20 80 3d 48
0x00007fffc1affbb3:   89 67 00 00 74 10 83 bd 98 04 00 00 00 74 07 48
0x00007fffc1affbc3:   8b 07 4c 8b 60 30 49 8b ce 4c 89 bc 24 d0 00 00
0x00007fffc1affbd3:   00 e8 c7 14 00 00 41 8b 0e 89 84 24 20 01 00 00
0x00007fffc1affbe3:   83 f9 0c 74 0a 83 f9 0d 74 05 45 32 ff eb 03 41
0x00007fffc1affbf3:   b7 01 48 8b 07 33 c9 8b 40 20 c1 e8 03 a8 01 75
0x00007fffc1affc03:   19 49 8b 45 58 48 8b 00 48 89 84 24 28 01 00 00
0x00007fffc1affc13:   48 89 84 24 88 00 00 00 eb 10 48 89 8c 24 90 00
0x00007fffc1affc23:   00 00 48 89 8c 24 28 01 00 00 83 bd 00 04 00 00
0x00007fffc1affc33:   03 74 08 48 8b cd e8 52 78 36 00 e8 6d cc 26 00
0x00007fffc1affc43:   4c 8b c0 48 8b d7 48 8b cd 48 8b d8 e8 7c 21 26
0x00007fffc1affc53:   00 84 c0 75 1d 4c 8b cf 48 8d 15 2e c5 4a 00 41
0x00007fffc1affc63:   b8 a4 01 00 00 48 8b cd e8 50 fe f4 ff e9 90 01
0x00007fffc1affc73:   00 00 48 63 0d 0c 84 68 00 33 d2 48 8b 05 43 57
0x00007fffc1affc83:   6a 00 48 f7 f1 48 83 f8 01 72 0e 66 90 48 2b d9
0x00007fffc1affc93:   c6 03 00 48 83 e8 01 75 f4 48 85 f6 74 51 48 8b
0x00007fffc1affca3:   06 48 8b ce ff 90 88 00 00 00 84 c0 0f 84 77 01
0x00007fffc1affcb3:   00 00 48 8b 06 48 8b ce ff 90 d8 00 00 00 48 89
0x00007fffc1affcc3:   85 f0 03 00 00 48 8b 07 48 8b 48 08 48 3b 0d fa
0x00007fffc1affcd3:   a9 66 00 73 12 48 3b 0d e9 a9 66 00 72 09 48 8b
0x00007fffc1affce3:   41 18 48 8b 08 eb 04 48 8b 49 18 4c 8b 61 18 4c
0x00007fffc1affcf3:   8b 84 24 28 01 00 00 48 8d 4c 24 40 4d 8b ce 48
0x00007fffc1affd03:   89 6c 24 20 48 8b d7 e8 d1 fb ff ff 48 83 7d 08
0x00007fffc1affd13:   00 75 67 48 8b d5 48 8d 8c 24 98 00 00 00 e8 7a
0x00007fffc1affd23:   9f fc ff 41 8b 5d 68 49 8b cd 48 8b 3f 48 8b 35
0x00007fffc1affd33:   d1 cd 68 00 e8 34 12 00 00 44 8b 84 24 20 01 00
0x00007fffc1affd43:   00 49 8d 56 08 48 89 6c 24 38 48 8d 4c 24 40 89
0x00007fffc1affd53:   5c 24 30 4c 8b cf 48 89 44 24 28 4c 89 64 24 20
0x00007fffc1affd63:   ff d6 48 83 7d 08 00 0f 84 e1 00 00 00 48 8d 8c
0x00007fffc1affd73:   24 98 00 00 00 e8 e3 9d fc ff 48 8b 4c 24 40 48
0x00007fffc1affd83:   8b 44 24 48 4c 8b 89 e0 00 00 00 48 89 81 e0 00 


Stack slot to memory mapping:
stack at sp + 0 slots: 0x000000a8de4ffa70 is pointing into the stack for thread: 0x0000023da3310800
stack at sp + 1 slots: 0x0 is NULL
stack at sp + 2 slots: 0x0000000100006b80 is a pointer to class: 
java.lang.Thread {0x0000000100006b88}
stack at sp + 3 slots: 0x000000a8de4ffb90 is pointing into the stack for thread: 0x0000023da3310800
stack at sp + 4 slots: 0x000000a8de4ffbf0 is pointing into the stack for thread: 0x0000023da3310800
stack at sp + 5 slots: 0x00007fffc1ac9c05 jvm.dll
stack at sp + 6 slots: 0x0 is NULL
stack at sp + 7 slots: 0x0 is NULL


---------------  P R O C E S S  ---------------

Threads class SMR info:
_java_thread_list=0x0000023da2e54f00, length=18, elements={
0x0000023d86796000, 0x0000023da0870000, 0x0000023da0871800, 0x0000023da11ea000,
0x0000023da11ec000, 0x0000023da11ed000, 0x0000023da11fb800, 0x0000023da0800800,
0x0000023da1681800, 0x0000023da1682000, 0x0000023da1865000, 0x0000023da2c55800,
0x0000023da1d28800, 0x0000023da2e2d800, 0x0000023da3273800, 0x0000023da2c1d800,
0x0000023da32b0800, 0x0000023da3310800
}

Java Threads: ( => current thread )
  0x0000023d86796000 JavaThread "main" [_thread_in_vm, id=7736, stack(0x000000a8dc700000,0x000000a8dc800000)]
  0x0000023da0870000 JavaThread "Reference Handler" daemon [_thread_blocked, id=9076, stack(0x000000a8dce00000,0x000000a8dcf00000)]
  0x0000023da0871800 JavaThread "Finalizer" daemon [_thread_blocked, id=4332, stack(0x000000a8dcf00000,0x000000a8dd000000)]
  0x0000023da11ea000 JavaThread "Signal Dispatcher" daemon [_thread_blocked, id=8876, stack(0x000000a8dd000000,0x000000a8dd100000)]
  0x0000023da11ec000 JavaThread "Attach Listener" daemon [_thread_blocked, id=5304, stack(0x000000a8dd100000,0x000000a8dd200000)]
  0x0000023da11ed000 JavaThread "C1 CompilerThread0" daemon [_thread_blocked, id=1880, stack(0x000000a8dd200000,0x000000a8dd300000)]
  0x0000023da11fb800 JavaThread "Sweeper thread" daemon [_thread_blocked, id=8596, stack(0x000000a8dd300000,0x000000a8dd400000)]
  0x0000023da0800800 JavaThread "Common-Cleaner" daemon [_thread_blocked, id=3632, stack(0x000000a8dd400000,0x000000a8dd500000)]
  0x0000023da1681800 JavaThread "Monitor Ctrl-Break" daemon [_thread_in_native, id=8100, stack(0x000000a8dd500000,0x000000a8dd600000)]
  0x0000023da1682000 JavaThread "Service Thread" daemon [_thread_blocked, id=7240, stack(0x000000a8dd600000,0x000000a8dd700000)]
  0x0000023da1865000 JavaThread "RMI TCP Accept-0" daemon [_thread_in_native, id=5196, stack(0x000000a8dd700000,0x000000a8dd800000)]
  0x0000023da2c55800 JavaThread "RMI TCP Connection(1)-192.168.0.104" daemon [_thread_in_native, id=3580, stack(0x000000a8dde00000,0x000000a8ddf00000)]
  0x0000023da1d28800 JavaThread "RMI Scheduler(0)" daemon [_thread_blocked, id=1260, stack(0x000000a8ddf00000,0x000000a8de000000)]
  0x0000023da2e2d800 JavaThread "Catalina-utility-1" [_thread_blocked, id=9096, stack(0x000000a8ddc00000,0x000000a8ddd00000)]
  0x0000023da3273800 JavaThread "Catalina-utility-2" [_thread_blocked, id=6644, stack(0x000000a8de000000,0x000000a8de100000)]
  0x0000023da2c1d800 JavaThread "container-0" [_thread_blocked, id=8388, stack(0x000000a8de100000,0x000000a8de200000)]
  0x0000023da32b0800 JavaThread "mysql-cj-abandoned-connection-cleanup" daemon [_thread_blocked, id=7200, stack(0x000000a8de200000,0x000000a8de300000)]
=>0x0000023da3310800 JavaThread "JMX server connection timeout 26" daemon [_thread_in_vm, id=8252, stack(0x000000a8de400000,0x000000a8de500000)]

Other Threads:
  0x0000023da086a800 VMThread "VM Thread" [stack: 0x000000a8dcd00000,0x000000a8dce00000] [id=7028]
  0x0000023da186a000 WatcherThread [stack: 0x000000a8dd800000,0x000000a8dd900000] [id=8180]
  0x0000023d867af000 GCTaskThread "GC Thread#0" [stack: 0x000000a8dc800000,0x000000a8dc900000] [id=6804]
  0x0000023da18d8800 GCTaskThread "GC Thread#1" [stack: 0x000000a8dd900000,0x000000a8dda00000] [id=8136]
  0x0000023da18d9000 GCTaskThread "GC Thread#2" [stack: 0x000000a8dda00000,0x000000a8ddb00000] [id=6788]
  0x0000023da1d86000 GCTaskThread "GC Thread#3" [stack: 0x000000a8ddd00000,0x000000a8dde00000] [id=8976]
  0x0000023d867df000 ConcurrentGCThread "G1 Main Marker" [stack: 0x000000a8dc900000,0x000000a8dca00000] [id=1180]
  0x0000023d867e0000 ConcurrentGCThread "G1 Conc#0" [stack: 0x000000a8dca00000,0x000000a8dcb00000] [id=7440]
  0x0000023da06b2800 ConcurrentGCThread "G1 Refine#0" [stack: 0x000000a8dcb00000,0x000000a8dcc00000] [id=7500]
  0x0000023da149e800 ConcurrentGCThread "G1 Refine#1" [stack: 0x000000a8ddb00000,0x000000a8ddc00000] [id=5104]
  0x0000023da06b3000 ConcurrentGCThread "G1 Young RemSet Sampling" [stack: 0x000000a8dcc00000,0x000000a8dcd00000] [id=468]

Threads with active compile tasks:

VM state:not at safepoint (normal execution)

VM Mutex/Monitor currently owned by a thread: None

Heap address: 0x0000000081c00000, size: 2020 MB, Compressed Oops mode: 32-bit
Narrow klass base: 0x0000000000000000, Narrow klass shift: 3
Compressed class space size: 1073741824 Address: 0x0000000100000000

Heap:
 garbage-first heap   total 157696K, used 27006K [0x0000000081c00000, 0x0000000100000000)
  region size 1024K, 19 young (19456K), 7 survivors (7168K)
 Metaspace       used 36733K, capacity 37969K, committed 38096K, reserved 1083392K
  class space    used 4582K, capacity 5073K, committed 5120K, reserved 1048576K
Heap Regions: E=young(eden), S=young(survivor), O=old, HS=humongous(starts), HC=humongous(continues), CS=collection set, F=free, A=archive, TAMS=top-at-mark-start (previous, next)
|   0|0x0000000081c00000, 0x0000000081d00000, 0x0000000081d00000|100%|HS|  |TAMS 0x0000000081d00000, 0x0000000081c00000| Complete 
|   1|0x0000000081d00000, 0x0000000081e00000, 0x0000000081e00000|100%| O|  |TAMS 0x0000000081e00000, 0x0000000081d00000| Untracked 
|   2|0x0000000081e00000, 0x0000000081f00000, 0x0000000081f00000|100%| O|  |TAMS 0x0000000081f00000, 0x0000000081e00000| Untracked 
|   3|0x0000000081f00000, 0x0000000082000000, 0x0000000082000000|100%| O|  |TAMS 0x0000000082000000, 0x0000000081f00000| Untracked 
|   4|0x0000000082000000, 0x0000000082100000, 0x0000000082100000|100%| O|  |TAMS 0x0000000082100000, 0x0000000082000000| Untracked 
|   5|0x0000000082100000, 0x0000000082200000, 0x0000000082200000|100%| O|  |TAMS 0x0000000082200000, 0x0000000082100000| Untracked 
|   6|0x0000000082200000, 0x0000000082300000, 0x0000000082300000|100%| O|  |TAMS 0x0000000082300000, 0x0000000082200000| Untracked 
|   7|0x0000000082300000, 0x0000000082400000, 0x0000000082400000|100%| O|  |TAMS 0x0000000082400000, 0x0000000082300000| Untracked 
|   8|0x0000000082400000, 0x00000000824b8c00, 0x0000000082500000| 72%| O|  |TAMS 0x00000000824b8c00, 0x0000000082400000| Untracked 
|   9|0x0000000082500000, 0x0000000082500000, 0x0000000082600000|  0%| F|  |TAMS 0x0000000082500000, 0x0000000082500000| Untracked 
|  10|0x0000000082600000, 0x0000000082600000, 0x0000000082700000|  0%| F|  |TAMS 0x0000000082600000, 0x0000000082600000| Untracked 
|  11|0x0000000082700000, 0x0000000082700000, 0x0000000082800000|  0%| F|  |TAMS 0x0000000082700000, 0x0000000082700000| Untracked 
|  12|0x0000000082800000, 0x0000000082800000, 0x0000000082900000|  0%| F|  |TAMS 0x0000000082800000, 0x0000000082800000| Untracked 
|  13|0x0000000082900000, 0x0000000082900000, 0x0000000082a00000|  0%| F|  |TAMS 0x0000000082900000, 0x0000000082900000| Untracked 
|  14|0x0000000082a00000, 0x0000000082a00000, 0x0000000082b00000|  0%| F|  |TAMS 0x0000000082a00000, 0x0000000082a00000| Untracked 
|  15|0x0000000082b00000, 0x0000000082b00000, 0x0000000082c00000|  0%| F|  |TAMS 0x0000000082b00000, 0x0000000082b00000| Untracked 
|  16|0x0000000082c00000, 0x0000000082c00000, 0x0000000082d00000|  0%| F|  |TAMS 0x0000000082c00000, 0x0000000082c00000| Untracked 
|  17|0x0000000082d00000, 0x0000000082d00000, 0x0000000082e00000|  0%| F|  |TAMS 0x0000000082d00000, 0x0000000082d00000| Untracked 
|  18|0x0000000082e00000, 0x0000000082e00000, 0x0000000082f00000|  0%| F|  |TAMS 0x0000000082e00000, 0x0000000082e00000| Untracked 
|  19|0x0000000082f00000, 0x0000000082f00000, 0x0000000083000000|  0%| F|  |TAMS 0x0000000082f00000, 0x0000000082f00000| Untracked 
|  20|0x0000000083000000, 0x0000000083000000, 0x0000000083100000|  0%| F|  |TAMS 0x0000000083000000, 0x0000000083000000| Untracked 
|  21|0x0000000083100000, 0x0000000083100000, 0x0000000083200000|  0%| F|  |TAMS 0x0000000083100000, 0x0000000083100000| Untracked 
|  22|0x0000000083200000, 0x0000000083200000, 0x0000000083300000|  0%| F|  |TAMS 0x0000000083200000, 0x0000000083200000| Untracked 
|  23|0x0000000083300000, 0x0000000083300000, 0x0000000083400000|  0%| F|  |TAMS 0x0000000083300000, 0x0000000083300000| Untracked 
|  24|0x0000000083400000, 0x0000000083400000, 0x0000000083500000|  0%| F|  |TAMS 0x0000000083400000, 0x0000000083400000| Untracked 
|  25|0x0000000083500000, 0x0000000083500000, 0x0000000083600000|  0%| F|  |TAMS 0x0000000083500000, 0x0000000083500000| Untracked 
|  26|0x0000000083600000, 0x0000000083600000, 0x0000000083700000|  0%| F|  |TAMS 0x0000000083600000, 0x0000000083600000| Untracked 
|  27|0x0000000083700000, 0x0000000083700000, 0x0000000083800000|  0%| F|  |TAMS 0x0000000083700000, 0x0000000083700000| Untracked 
|  28|0x0000000083800000, 0x0000000083800000, 0x0000000083900000|  0%| F|  |TAMS 0x0000000083800000, 0x0000000083800000| Untracked 
|  29|0x0000000083900000, 0x0000000083900000, 0x0000000083a00000|  0%| F|  |TAMS 0x0000000083900000, 0x0000000083900000| Untracked 
|  30|0x0000000083a00000, 0x0000000083a00000, 0x0000000083b00000|  0%| F|  |TAMS 0x0000000083a00000, 0x0000000083a00000| Untracked 
|  31|0x0000000083b00000, 0x0000000083b00000, 0x0000000083c00000|  0%| F|  |TAMS 0x0000000083b00000, 0x0000000083b00000| Untracked 
|  32|0x0000000083c00000, 0x0000000083c00000, 0x0000000083d00000|  0%| F|  |TAMS 0x0000000083c00000, 0x0000000083c00000| Untracked 
|  33|0x0000000083d00000, 0x0000000083d00000, 0x0000000083e00000|  0%| F|  |TAMS 0x0000000083d00000, 0x0000000083d00000| Untracked 
|  34|0x0000000083e00000, 0x0000000083e00000, 0x0000000083f00000|  0%| F|  |TAMS 0x0000000083e00000, 0x0000000083e00000| Untracked 
|  35|0x0000000083f00000, 0x0000000083f00000, 0x0000000084000000|  0%| F|  |TAMS 0x0000000083f00000, 0x0000000083f00000| Untracked 
|  36|0x0000000084000000, 0x0000000084000000, 0x0000000084100000|  0%| F|  |TAMS 0x0000000084000000, 0x0000000084000000| Untracked 
|  37|0x0000000084100000, 0x0000000084100000, 0x0000000084200000|  0%| F|  |TAMS 0x0000000084100000, 0x0000000084100000| Untracked 
|  38|0x0000000084200000, 0x0000000084200000, 0x0000000084300000|  0%| F|  |TAMS 0x0000000084200000, 0x0000000084200000| Untracked 
|  39|0x0000000084300000, 0x0000000084300000, 0x0000000084400000|  0%| F|  |TAMS 0x0000000084300000, 0x0000000084300000| Untracked 
|  40|0x0000000084400000, 0x0000000084400000, 0x0000000084500000|  0%| F|  |TAMS 0x0000000084400000, 0x0000000084400000| Untracked 
|  41|0x0000000084500000, 0x0000000084500000, 0x0000000084600000|  0%| F|  |TAMS 0x0000000084500000, 0x0000000084500000| Untracked 
|  42|0x0000000084600000, 0x0000000084600000, 0x0000000084700000|  0%| F|  |TAMS 0x0000000084600000, 0x0000000084600000| Untracked 
|  43|0x0000000084700000, 0x0000000084700000, 0x0000000084800000|  0%| F|  |TAMS 0x0000000084700000, 0x0000000084700000| Untracked 
|  44|0x0000000084800000, 0x0000000084800000, 0x0000000084900000|  0%| F|  |TAMS 0x0000000084800000, 0x0000000084800000| Untracked 
|  45|0x0000000084900000, 0x0000000084900000, 0x0000000084a00000|  0%| F|  |TAMS 0x0000000084900000, 0x0000000084900000| Untracked 
|  46|0x0000000084a00000, 0x0000000084a00000, 0x0000000084b00000|  0%| F|  |TAMS 0x0000000084a00000, 0x0000000084a00000| Untracked 
|  47|0x0000000084b00000, 0x0000000084b00000, 0x0000000084c00000|  0%| F|  |TAMS 0x0000000084b00000, 0x0000000084b00000| Untracked 
|  48|0x0000000084c00000, 0x0000000084c00000, 0x0000000084d00000|  0%| F|  |TAMS 0x0000000084c00000, 0x0000000084c00000| Untracked 
|  49|0x0000000084d00000, 0x0000000084d00000, 0x0000000084e00000|  0%| F|  |TAMS 0x0000000084d00000, 0x0000000084d00000| Untracked 
|  50|0x0000000084e00000, 0x0000000084e00000, 0x0000000084f00000|  0%| F|  |TAMS 0x0000000084e00000, 0x0000000084e00000| Untracked 
|  51|0x0000000084f00000, 0x0000000084f00000, 0x0000000085000000|  0%| F|  |TAMS 0x0000000084f00000, 0x0000000084f00000| Untracked 
|  52|0x0000000085000000, 0x0000000085000000, 0x0000000085100000|  0%| F|  |TAMS 0x0000000085000000, 0x0000000085000000| Untracked 
|  53|0x0000000085100000, 0x0000000085100000, 0x0000000085200000|  0%| F|  |TAMS 0x0000000085100000, 0x0000000085100000| Untracked 
|  54|0x0000000085200000, 0x0000000085200000, 0x0000000085300000|  0%| F|  |TAMS 0x0000000085200000, 0x0000000085200000| Untracked 
|  55|0x0000000085300000, 0x0000000085300000, 0x0000000085400000|  0%| F|  |TAMS 0x0000000085300000, 0x0000000085300000| Untracked 
|  56|0x0000000085400000, 0x0000000085400000, 0x0000000085500000|  0%| F|  |TAMS 0x0000000085400000, 0x0000000085400000| Untracked 
|  57|0x0000000085500000, 0x0000000085500000, 0x0000000085600000|  0%| F|  |TAMS 0x0000000085500000, 0x0000000085500000| Untracked 
|  58|0x0000000085600000, 0x0000000085600000, 0x0000000085700000|  0%| F|  |TAMS 0x0000000085600000, 0x0000000085600000| Untracked 
|  59|0x0000000085700000, 0x0000000085700000, 0x0000000085800000|  0%| F|  |TAMS 0x0000000085700000, 0x0000000085700000| Untracked 
|  60|0x0000000085800000, 0x0000000085800000, 0x0000000085900000|  0%| F|  |TAMS 0x0000000085800000, 0x0000000085800000| Untracked 
|  61|0x0000000085900000, 0x0000000085900000, 0x0000000085a00000|  0%| F|  |TAMS 0x0000000085900000, 0x0000000085900000| Untracked 
|  62|0x0000000085a00000, 0x0000000085a00000, 0x0000000085b00000|  0%| F|  |TAMS 0x0000000085a00000, 0x0000000085a00000| Untracked 
|  63|0x0000000085b00000, 0x0000000085b00000, 0x0000000085c00000|  0%| F|  |TAMS 0x0000000085b00000, 0x0000000085b00000| Untracked 
|  64|0x0000000085c00000, 0x0000000085c00000, 0x0000000085d00000|  0%| F|  |TAMS 0x0000000085c00000, 0x0000000085c00000| Untracked 
|  65|0x0000000085d00000, 0x0000000085d00000, 0x0000000085e00000|  0%| F|  |TAMS 0x0000000085d00000, 0x0000000085d00000| Untracked 
|  66|0x0000000085e00000, 0x0000000085e00000, 0x0000000085f00000|  0%| F|  |TAMS 0x0000000085e00000, 0x0000000085e00000| Untracked 
|  67|0x0000000085f00000, 0x0000000085f00000, 0x0000000086000000|  0%| F|  |TAMS 0x0000000085f00000, 0x0000000085f00000| Untracked 
|  68|0x0000000086000000, 0x0000000086000000, 0x0000000086100000|  0%| F|  |TAMS 0x0000000086000000, 0x0000000086000000| Untracked 
|  69|0x0000000086100000, 0x0000000086100000, 0x0000000086200000|  0%| F|  |TAMS 0x0000000086100000, 0x0000000086100000| Untracked 
|  70|0x0000000086200000, 0x0000000086200000, 0x0000000086300000|  0%| F|  |TAMS 0x0000000086200000, 0x0000000086200000| Untracked 
|  71|0x0000000086300000, 0x0000000086300000, 0x0000000086400000|  0%| F|  |TAMS 0x0000000086300000, 0x0000000086300000| Untracked 
|  72|0x0000000086400000, 0x0000000086400000, 0x0000000086500000|  0%| F|  |TAMS 0x0000000086400000, 0x0000000086400000| Untracked 
|  73|0x0000000086500000, 0x0000000086500000, 0x0000000086600000|  0%| F|  |TAMS 0x0000000086500000, 0x0000000086500000| Untracked 
|  74|0x0000000086600000, 0x0000000086600000, 0x0000000086700000|  0%| F|  |TAMS 0x0000000086600000, 0x0000000086600000| Untracked 
|  75|0x0000000086700000, 0x0000000086700000, 0x0000000086800000|  0%| F|  |TAMS 0x0000000086700000, 0x0000000086700000| Untracked 
|  76|0x0000000086800000, 0x0000000086800000, 0x0000000086900000|  0%| F|  |TAMS 0x0000000086800000, 0x0000000086800000| Untracked 
|  77|0x0000000086900000, 0x0000000086900000, 0x0000000086a00000|  0%| F|  |TAMS 0x0000000086900000, 0x0000000086900000| Untracked 
|  78|0x0000000086a00000, 0x0000000086a00000, 0x0000000086b00000|  0%| F|  |TAMS 0x0000000086a00000, 0x0000000086a00000| Untracked 
|  79|0x0000000086b00000, 0x0000000086b00000, 0x0000000086c00000|  0%| F|  |TAMS 0x0000000086b00000, 0x0000000086b00000| Untracked 
|  80|0x0000000086c00000, 0x0000000086c00000, 0x0000000086d00000|  0%| F|  |TAMS 0x0000000086c00000, 0x0000000086c00000| Untracked 
|  81|0x0000000086d00000, 0x0000000086d00000, 0x0000000086e00000|  0%| F|  |TAMS 0x0000000086d00000, 0x0000000086d00000| Untracked 
|  82|0x0000000086e00000, 0x0000000086e00000, 0x0000000086f00000|  0%| F|  |TAMS 0x0000000086e00000, 0x0000000086e00000| Untracked 
|  83|0x0000000086f00000, 0x0000000086f00000, 0x0000000087000000|  0%| F|  |TAMS 0x0000000086f00000, 0x0000000086f00000| Untracked 
|  84|0x0000000087000000, 0x0000000087000000, 0x0000000087100000|  0%| F|  |TAMS 0x0000000087000000, 0x0000000087000000| Untracked 
|  85|0x0000000087100000, 0x0000000087100000, 0x0000000087200000|  0%| F|  |TAMS 0x0000000087100000, 0x0000000087100000| Untracked 
|  86|0x0000000087200000, 0x0000000087200000, 0x0000000087300000|  0%| F|  |TAMS 0x0000000087200000, 0x0000000087200000| Untracked 
|  87|0x0000000087300000, 0x0000000087300000, 0x0000000087400000|  0%| F|  |TAMS 0x0000000087300000, 0x0000000087300000| Untracked 
|  88|0x0000000087400000, 0x0000000087400000, 0x0000000087500000|  0%| F|  |TAMS 0x0000000087400000, 0x0000000087400000| Untracked 
|  89|0x0000000087500000, 0x0000000087500000, 0x0000000087600000|  0%| F|  |TAMS 0x0000000087500000, 0x0000000087500000| Untracked 
|  90|0x0000000087600000, 0x0000000087600000, 0x0000000087700000|  0%| F|  |TAMS 0x0000000087600000, 0x0000000087600000| Untracked 
|  91|0x0000000087700000, 0x0000000087700000, 0x0000000087800000|  0%| F|  |TAMS 0x0000000087700000, 0x0000000087700000| Untracked 
|  92|0x0000000087800000, 0x0000000087800000, 0x0000000087900000|  0%| F|  |TAMS 0x0000000087800000, 0x0000000087800000| Untracked 
|  93|0x0000000087900000, 0x0000000087900000, 0x0000000087a00000|  0%| F|  |TAMS 0x0000000087900000, 0x0000000087900000| Untracked 
|  94|0x0000000087a00000, 0x0000000087a00000, 0x0000000087b00000|  0%| F|  |TAMS 0x0000000087a00000, 0x0000000087a00000| Untracked 
|  95|0x0000000087b00000, 0x0000000087b00000, 0x0000000087c00000|  0%| F|  |TAMS 0x0000000087b00000, 0x0000000087b00000| Untracked 
|  96|0x0000000087c00000, 0x0000000087c00000, 0x0000000087d00000|  0%| F|  |TAMS 0x0000000087c00000, 0x0000000087c00000| Untracked 
|  97|0x0000000087d00000, 0x0000000087d00000, 0x0000000087e00000|  0%| F|  |TAMS 0x0000000087d00000, 0x0000000087d00000| Untracked 
|  98|0x0000000087e00000, 0x0000000087e00000, 0x0000000087f00000|  0%| F|  |TAMS 0x0000000087e00000, 0x0000000087e00000| Untracked 
|  99|0x0000000087f00000, 0x0000000087f00000, 0x0000000088000000|  0%| F|  |TAMS 0x0000000087f00000, 0x0000000087f00000| Untracked 
| 100|0x0000000088000000, 0x0000000088000000, 0x0000000088100000|  0%| F|  |TAMS 0x0000000088000000, 0x0000000088000000| Untracked 
| 101|0x0000000088100000, 0x0000000088100000, 0x0000000088200000|  0%| F|  |TAMS 0x0000000088100000, 0x0000000088100000| Untracked 
| 102|0x0000000088200000, 0x0000000088200000, 0x0000000088300000|  0%| F|  |TAMS 0x0000000088200000, 0x0000000088200000| Untracked 
| 103|0x0000000088300000, 0x0000000088300000, 0x0000000088400000|  0%| F|  |TAMS 0x0000000088300000, 0x0000000088300000| Untracked 
| 104|0x0000000088400000, 0x0000000088400000, 0x0000000088500000|  0%| F|  |TAMS 0x0000000088400000, 0x0000000088400000| Untracked 
| 105|0x0000000088500000, 0x0000000088500000, 0x0000000088600000|  0%| F|  |TAMS 0x0000000088500000, 0x0000000088500000| Untracked 
| 106|0x0000000088600000, 0x0000000088600000, 0x0000000088700000|  0%| F|  |TAMS 0x0000000088600000, 0x0000000088600000| Untracked 
| 107|0x0000000088700000, 0x0000000088700000, 0x0000000088800000|  0%| F|  |TAMS 0x0000000088700000, 0x0000000088700000| Untracked 
| 108|0x0000000088800000, 0x0000000088800000, 0x0000000088900000|  0%| F|  |TAMS 0x0000000088800000, 0x0000000088800000| Untracked 
| 109|0x0000000088900000, 0x0000000088900000, 0x0000000088a00000|  0%| F|  |TAMS 0x0000000088900000, 0x0000000088900000| Untracked 
| 110|0x0000000088a00000, 0x0000000088a00000, 0x0000000088b00000|  0%| F|  |TAMS 0x0000000088a00000, 0x0000000088a00000| Untracked 
| 111|0x0000000088b00000, 0x0000000088b00000, 0x0000000088c00000|  0%| F|  |TAMS 0x0000000088b00000, 0x0000000088b00000| Untracked 
| 112|0x0000000088c00000, 0x0000000088c00000, 0x0000000088d00000|  0%| F|  |TAMS 0x0000000088c00000, 0x0000000088c00000| Untracked 
| 113|0x0000000088d00000, 0x0000000088d00000, 0x0000000088e00000|  0%| F|  |TAMS 0x0000000088d00000, 0x0000000088d00000| Untracked 
| 114|0x0000000088e00000, 0x0000000088e00000, 0x0000000088f00000|  0%| F|  |TAMS 0x0000000088e00000, 0x0000000088e00000| Untracked 
| 115|0x0000000088f00000, 0x0000000088f00000, 0x0000000089000000|  0%| F|  |TAMS 0x0000000088f00000, 0x0000000088f00000| Untracked 
| 116|0x0000000089000000, 0x0000000089000000, 0x0000000089100000|  0%| F|  |TAMS 0x0000000089000000, 0x0000000089000000| Untracked 
| 117|0x0000000089100000, 0x0000000089100000, 0x0000000089200000|  0%| F|  |TAMS 0x0000000089100000, 0x0000000089100000| Untracked 
| 118|0x0000000089200000, 0x0000000089200000, 0x0000000089300000|  0%| F|  |TAMS 0x0000000089200000, 0x0000000089200000| Untracked 
| 119|0x0000000089300000, 0x0000000089300000, 0x0000000089400000|  0%| F|  |TAMS 0x0000000089300000, 0x0000000089300000| Untracked 
| 120|0x0000000089400000, 0x0000000089400000, 0x0000000089500000|  0%| F|  |TAMS 0x0000000089400000, 0x0000000089400000| Untracked 
| 121|0x0000000089500000, 0x0000000089500000, 0x0000000089600000|  0%| F|  |TAMS 0x0000000089500000, 0x0000000089500000| Untracked 
| 122|0x0000000089600000, 0x0000000089600000, 0x0000000089700000|  0%| F|  |TAMS 0x0000000089600000, 0x0000000089600000| Untracked 
| 123|0x0000000089700000, 0x0000000089700000, 0x0000000089800000|  0%| F|  |TAMS 0x0000000089700000, 0x0000000089700000| Untracked 
| 124|0x0000000089800000, 0x00000000898a6c20, 0x0000000089900000| 65%| S|CS|TAMS 0x0000000089800000, 0x0000000089800000| Complete 
| 125|0x0000000089900000, 0x0000000089a00000, 0x0000000089a00000|100%| S|CS|TAMS 0x0000000089900000, 0x0000000089900000| Complete 
| 126|0x0000000089a00000, 0x0000000089b00000, 0x0000000089b00000|100%| S|CS|TAMS 0x0000000089a00000, 0x0000000089a00000| Complete 
| 127|0x0000000089b00000, 0x0000000089c00000, 0x0000000089c00000|100%| S|CS|TAMS 0x0000000089b00000, 0x0000000089b00000| Complete 
| 128|0x0000000089c00000, 0x0000000089d00000, 0x0000000089d00000|100%| S|CS|TAMS 0x0000000089c00000, 0x0000000089c00000| Complete 
| 129|0x0000000089d00000, 0x0000000089e00000, 0x0000000089e00000|100%| S|CS|TAMS 0x0000000089d00000, 0x0000000089d00000| Complete 
| 130|0x0000000089e00000, 0x0000000089f00000, 0x0000000089f00000|100%| S|CS|TAMS 0x0000000089e00000, 0x0000000089e00000| Complete 
| 131|0x0000000089f00000, 0x0000000089f00000, 0x000000008a000000|  0%| F|  |TAMS 0x0000000089f00000, 0x0000000089f00000| Untracked 
| 132|0x000000008a000000, 0x000000008a000000, 0x000000008a100000|  0%| F|  |TAMS 0x000000008a000000, 0x000000008a000000| Untracked 
| 133|0x000000008a100000, 0x000000008a100000, 0x000000008a200000|  0%| F|  |TAMS 0x000000008a100000, 0x000000008a100000| Untracked 
| 134|0x000000008a200000, 0x000000008a200000, 0x000000008a300000|  0%| F|  |TAMS 0x000000008a200000, 0x000000008a200000| Untracked 
| 135|0x000000008a300000, 0x000000008a300000, 0x000000008a400000|  0%| F|  |TAMS 0x000000008a300000, 0x000000008a300000| Untracked 
| 136|0x000000008a400000, 0x000000008a400000, 0x000000008a500000|  0%| F|  |TAMS 0x000000008a400000, 0x000000008a400000| Untracked 
| 137|0x000000008a500000, 0x000000008a500000, 0x000000008a600000|  0%| F|  |TAMS 0x000000008a500000, 0x000000008a500000| Untracked 
| 138|0x000000008a600000, 0x000000008a600000, 0x000000008a700000|  0%| F|  |TAMS 0x000000008a600000, 0x000000008a600000| Untracked 
| 139|0x000000008a700000, 0x000000008a700000, 0x000000008a800000|  0%| F|  |TAMS 0x000000008a700000, 0x000000008a700000| Untracked 
| 140|0x000000008a800000, 0x000000008a800000, 0x000000008a900000|  0%| F|  |TAMS 0x000000008a800000, 0x000000008a800000| Untracked 
| 141|0x000000008a900000, 0x000000008a900000, 0x000000008aa00000|  0%| F|  |TAMS 0x000000008a900000, 0x000000008a900000| Untracked 
| 142|0x000000008aa00000, 0x000000008ab00000, 0x000000008ab00000|100%| E|  |TAMS 0x000000008aa00000, 0x000000008aa00000| Complete 
| 143|0x000000008ab00000, 0x000000008ac00000, 0x000000008ac00000|100%| E|CS|TAMS 0x000000008ab00000, 0x000000008ab00000| Complete 
| 144|0x000000008ac00000, 0x000000008ad00000, 0x000000008ad00000|100%| E|CS|TAMS 0x000000008ac00000, 0x000000008ac00000| Complete 
| 145|0x000000008ad00000, 0x000000008ae00000, 0x000000008ae00000|100%| E|CS|TAMS 0x000000008ad00000, 0x000000008ad00000| Complete 
| 146|0x000000008ae00000, 0x000000008af00000, 0x000000008af00000|100%| E|CS|TAMS 0x000000008ae00000, 0x000000008ae00000| Complete 
| 147|0x000000008af00000, 0x000000008b000000, 0x000000008b000000|100%| E|CS|TAMS 0x000000008af00000, 0x000000008af00000| Complete 
| 148|0x000000008b000000, 0x000000008b100000, 0x000000008b100000|100%| E|CS|TAMS 0x000000008b000000, 0x000000008b000000| Complete 
| 149|0x000000008b100000, 0x000000008b200000, 0x000000008b200000|100%| E|CS|TAMS 0x000000008b100000, 0x000000008b100000| Complete 
| 150|0x000000008b200000, 0x000000008b300000, 0x000000008b300000|100%| E|CS|TAMS 0x000000008b200000, 0x000000008b200000| Complete 
| 151|0x000000008b300000, 0x000000008b400000, 0x000000008b400000|100%| E|CS|TAMS 0x000000008b300000, 0x000000008b300000| Complete 
| 152|0x000000008b400000, 0x000000008b500000, 0x000000008b500000|100%| E|CS|TAMS 0x000000008b400000, 0x000000008b400000| Complete 
| 153|0x000000008b500000, 0x000000008b600000, 0x000000008b600000|100%| E|CS|TAMS 0x000000008b500000, 0x000000008b500000| Complete 

Card table byte_map: [0x0000023d99c50000,0x0000023d9a050000] _byte_map_base: 0x0000023d99842000

Marking Bits (Prev, Next): (CMBitMap*) 0x0000023d867d6288, (CMBitMap*) 0x0000023d867d62c0
 Prev Bits: [0x0000023d9a450000, 0x0000023d9c3e0000)
 Next Bits: [0x0000023d9c3e0000, 0x0000023d9e370000)

Polling page: 0x0000023d84670000

Metaspace:

Usage:
  Non-class:     32.13 MB capacity,    31.42 MB ( 98%) used,   583.13 KB (  2%) free+waste,   136.19 KB ( <1%) overhead. 
      Class:      4.95 MB capacity,     4.48 MB ( 90%) used,   417.53 KB (  8%) free+waste,    67.63 KB (  1%) overhead. 
       Both:     37.08 MB capacity,    35.90 MB ( 97%) used,  1000.66 KB (  3%) free+waste,   203.81 KB ( <1%) overhead. 

Virtual space:
  Non-class space:       34.00 MB reserved,      32.20 MB ( 95%) committed 
      Class space:        1.00 GB reserved,       5.00 MB ( <1%) committed 
             Both:        1.03 GB reserved,      37.20 MB (  4%) committed 

Chunk freelists:
   Non-Class:  16.00 KB
       Class:  15.00 KB
        Both:  31.00 KB

MaxMetaspaceSize: 17179869184.00 GB
CompressedClassSpaceSize: 1.00 GB

CodeHeap 'non-profiled nmethods': size=238912Kb used=5651Kb max_used=5651Kb free=233260Kb
 bounds [0x0000023d8af00000, 0x0000023d8b490000, 0x0000023d99850000]
CodeHeap 'non-nmethods': size=6848Kb used=1189Kb max_used=1189Kb free=5658Kb
 bounds [0x0000023d8a850000, 0x0000023d8aac0000, 0x0000023d8af00000]
 total_blobs=4331 nmethods=3520 adapters=465
 compilation: enabled
              stopped_count=0, restarted_count=0
 full_count=0

Compilation events (20 events):
Event: 3.339 Thread 0x0000023da11ed000 nmethod 3492 0x0000023d8b478e90 code [0x0000023d8b479060, 0x0000023d8b479360]
Event: 3.339 Thread 0x0000023da11ed000 3493       1       java.lang.invoke.MethodHandleImpl$IntrinsicMethodHandle::<init> (20 bytes)
Event: 3.339 Thread 0x0000023da11ed000 nmethod 3493 0x0000023d8b479490 code [0x0000023d8b479660, 0x0000023d8b479920]
Event: 3.339 Thread 0x0000023da11ed000 3494       1       java.lang.invoke.InnerClassLambdaMetafactory$1::run (5 bytes)
Event: 3.340 Thread 0x0000023da11ed000 nmethod 3494 0x0000023d8b479a90 code [0x0000023d8b479ca0, 0x0000023d8b479f50]
Event: 3.342 Thread 0x0000023da11ed000 3495       1       sun.nio.cs.ext.AbstractCharsetProvider::put (20 bytes)
Event: 3.342 Thread 0x0000023da11ed000 nmethod 3495 0x0000023d8b47a110 code [0x0000023d8b47a2e0, 0x0000023d8b47a460]
Event: 3.343 Thread 0x0000023da11ed000 3496       1       java.io.ObjectInputStream$BlockDataInputStream::readByte (20 bytes)
Event: 3.344 Thread 0x0000023da11ed000 nmethod 3496 0x0000023d8b47a510 code [0x0000023d8b47a6e0, 0x0000023d8b47a880]
Event: 3.344 Thread 0x0000023da11ed000 3497       1       java.io.ObjectInputStream$BlockDataInputStream::read (62 bytes)
Event: 3.344 Thread 0x0000023da11ed000 nmethod 3497 0x0000023d8b47a990 code [0x0000023d8b47ab60, 0x0000023d8b47ad60]
Event: 3.344 Thread 0x0000023da11ed000 3498       1       java.io.ObjectInputStream$PeekInputStream::read (47 bytes)
Event: 3.344 Thread 0x0000023da11ed000 nmethod 3498 0x0000023d8b47ae90 code [0x0000023d8b47b040, 0x0000023d8b47b1d0]
Event: 3.344 Thread 0x0000023da11ed000 3499       1       java.io.ObjectInputStream$PeekInputStream::peek (49 bytes)
Event: 3.344 Thread 0x0000023da11ed000 nmethod 3499 0x0000023d8b47b290 code [0x0000023d8b47b440, 0x0000023d8b47b5d0]
Event: 3.344 Thread 0x0000023da11ed000 3500       1       java.io.ObjectInputStream$BlockDataInputStream::setBlockDataMode (74 bytes)
Event: 3.344 Thread 0x0000023da11ed000 nmethod 3500 0x0000023d8b47b690 code [0x0000023d8b47b860, 0x0000023d8b47bab0]
Event: 3.345 Thread 0x0000023da11ed000 3501       1       java.io.ObjectStreamClass::forClass (52 bytes)
Event: 3.346 Thread 0x0000023da11ed000 nmethod 3501 0x0000023d8b47bb90 code [0x0000023d8b47bde0, 0x0000023d8b47c400]
Event: 3.346 Thread 0x0000023da11ed000 3505   !   1       java.io.ObjectStreamClass::lookup (334 bytes)

GC Heap History (14 events):
Event: 1.042 GC heap before
{Heap before GC invocations=0 (full 0):
 garbage-first heap   total 131072K, used 15360K [0x0000000081c00000, 0x0000000100000000)
  region size 1024K, 14 young (14336K), 0 survivors (0K)
 Metaspace       used 12795K, capacity 13155K, committed 13312K, reserved 1060864K
  class space    used 1338K, capacity 1469K, committed 1536K, reserved 1048576K
}
Event: 1.049 GC heap after
{Heap after GC invocations=1 (full 0):
 garbage-first heap   total 131072K, used 6793K [0x0000000081c00000, 0x0000000100000000)
  region size 1024K, 2 young (2048K), 2 survivors (2048K)
 Metaspace       used 12795K, capacity 13155K, committed 13312K, reserved 1060864K
  class space    used 1338K, capacity 1469K, committed 1536K, reserved 1048576K
}
Event: 1.321 GC heap before
{Heap before GC invocations=1 (full 0):
 garbage-first heap   total 131072K, used 18057K [0x0000000081c00000, 0x0000000100000000)
  region size 1024K, 14 young (14336K), 2 survivors (2048K)
 Metaspace       used 16152K, capacity 16627K, committed 16768K, reserved 1064960K
  class space    used 1741K, capacity 1912K, committed 1920K, reserved 1048576K
}
Event: 1.333 GC heap after
{Heap after GC invocations=2 (full 0):
 garbage-first heap   total 131072K, used 8083K [0x0000000081c00000, 0x0000000100000000)
  region size 1024K, 2 young (2048K), 2 survivors (2048K)
 Metaspace       used 16152K, capacity 16627K, committed 16768K, reserved 1064960K
  class space    used 1741K, capacity 1912K, committed 1920K, reserved 1048576K
}
Event: 1.604 GC heap before
{Heap before GC invocations=2 (full 0):
 garbage-first heap   total 131072K, used 34707K [0x0000000081c00000, 0x0000000100000000)
  region size 1024K, 28 young (28672K), 2 survivors (2048K)
 Metaspace       used 20348K, capacity 20914K, committed 21120K, reserved 1067008K
  class space    used 2431K, capacity 2664K, committed 2688K, reserved 1048576K
}
Event: 1.608 GC heap after
{Heap after GC invocations=3 (full 0):
 garbage-first heap   total 131072K, used 9139K [0x0000000081c00000, 0x0000000100000000)
  region size 1024K, 3 young (3072K), 3 survivors (3072K)
 Metaspace       used 20348K, capacity 20914K, committed 21120K, reserved 1067008K
  class space    used 2431K, capacity 2664K, committed 2688K, reserved 1048576K
}
Event: 1.621 GC heap before
{Heap before GC invocations=3 (full 0):
 garbage-first heap   total 131072K, used 10163K [0x0000000081c00000, 0x0000000100000000)
  region size 1024K, 5 young (5120K), 3 survivors (3072K)
 Metaspace       used 20587K, capacity 21112K, committed 21296K, reserved 1069056K
  class space    used 2461K, capacity 2666K, committed 2688K, reserved 1048576K
}
Event: 1.624 GC heap after
{Heap after GC invocations=4 (full 0):
 garbage-first heap   total 131072K, used 9212K [0x0000000081c00000, 0x0000000100000000)
  region size 1024K, 3 young (3072K), 3 survivors (3072K)
 Metaspace       used 20587K, capacity 21112K, committed 21296K, reserved 1069056K
  class space    used 2461K, capacity 2666K, committed 2688K, reserved 1048576K
}
Event: 2.066 GC heap before
{Heap before GC invocations=5 (full 0):
 garbage-first heap   total 131072K, used 81916K [0x0000000081c00000, 0x0000000100000000)
  region size 1024K, 75 young (76800K), 3 survivors (3072K)
 Metaspace       used 26883K, capacity 27691K, committed 28032K, reserved 1073152K
  class space    used 3280K, capacity 3600K, committed 3712K, reserved 1048576K
}
Event: 2.074 GC heap after
{Heap after GC invocations=6 (full 0):
 garbage-first heap   total 157696K, used 10975K [0x0000000081c00000, 0x0000000100000000)
  region size 1024K, 4 young (4096K), 4 survivors (4096K)
 Metaspace       used 26883K, capacity 27691K, committed 28032K, reserved 1073152K
  class space    used 3280K, capacity 3600K, committed 3712K, reserved 1048576K
}
Event: 3.064 GC heap before
{Heap before GC invocations=6 (full 0):
 garbage-first heap   total 157696K, used 100063K [0x0000000081c00000, 0x0000000100000000)
  region size 1024K, 92 young (94208K), 4 survivors (4096K)
 Metaspace       used 33913K, capacity 34968K, committed 35200K, reserved 1079296K
  class space    used 4231K, capacity 4669K, committed 4736K, reserved 1048576K
}
Event: 3.075 GC heap after
{Heap after GC invocations=7 (full 0):
 garbage-first heap   total 157696K, used 15071K [0x0000000081c00000, 0x0000000100000000)
  region size 1024K, 8 young (8192K), 8 survivors (8192K)
 Metaspace       used 33913K, capacity 34968K, committed 35200K, reserved 1079296K
  class space    used 4231K, capacity 4669K, committed 4736K, reserved 1048576K
}
Event: 3.199 GC heap before
{Heap before GC invocations=7 (full 0):
 garbage-first heap   total 157696K, used 36575K [0x0000000081c00000, 0x0000000100000000)
  region size 1024K, 31 young (31744K), 8 survivors (8192K)
 Metaspace       used 34902K, capacity 35976K, committed 36048K, reserved 1081344K
  class space    used 4366K, capacity 4813K, committed 4864K, reserved 1048576K
}
Event: 3.215 GC heap after
{Heap after GC invocations=8 (full 0):
 garbage-first heap   total 157696K, used 15742K [0x0000000081c00000, 0x0000000100000000)
  region size 1024K, 7 young (7168K), 7 survivors (7168K)
 Metaspace       used 34902K, capacity 35976K, committed 36048K, reserved 1081344K
  class space    used 4366K, capacity 4813K, committed 4864K, reserved 1048576K
}

Deoptimization events (0 events):
No events

Classes redefined (0 events):
No events

Internal exceptions (20 events):
Event: 3.223 Thread 0x0000023d86796000 Implicit null exception at 0x0000023d8b31bf6d to 0x0000023d8b31c25f
Event: 3.223 Thread 0x0000023d86796000 Exception <a 'java/lang/NullPointerException'{0x000000008b57da30}> (0x000000008b57da30) thrown at [c:/BuildAgent/work/5ff2f6c26000d570/src/hotspot/share/runtime/sharedRuntime.cpp, line 584]
Event: 3.223 Thread 0x0000023d86796000 Implicit null exception at 0x0000023d8b31bf6d to 0x0000023d8b31c25f
Event: 3.223 Thread 0x0000023d86796000 Exception <a 'java/lang/NullPointerException'{0x000000008b57e8c0}> (0x000000008b57e8c0) thrown at [c:/BuildAgent/work/5ff2f6c26000d570/src/hotspot/share/runtime/sharedRuntime.cpp, line 584]
Event: 3.223 Thread 0x0000023d86796000 Implicit null exception at 0x0000023d8b31bf6d to 0x0000023d8b31c25f
Event: 3.223 Thread 0x0000023d86796000 Exception <a 'java/lang/NullPointerException'{0x000000008b57f750}> (0x000000008b57f750) thrown at [c:/BuildAgent/work/5ff2f6c26000d570/src/hotspot/share/runtime/sharedRuntime.cpp, line 584]
Event: 3.223 Thread 0x0000023d86796000 Implicit null exception at 0x0000023d8b31bf6d to 0x0000023d8b31c25f
Event: 3.223 Thread 0x0000023d86796000 Exception <a 'java/lang/NullPointerException'{0x000000008b5ed528}> (0x000000008b5ed528) thrown at [c:/BuildAgent/work/5ff2f6c26000d570/src/hotspot/share/runtime/sharedRuntime.cpp, line 584]
Event: 3.223 Thread 0x0000023d86796000 Implicit null exception at 0x0000023d8b31bf6d to 0x0000023d8b31c25f
Event: 3.223 Thread 0x0000023d86796000 Exception <a 'java/lang/NullPointerException'{0x000000008b5ee370}> (0x000000008b5ee370) thrown at [c:/BuildAgent/work/5ff2f6c26000d570/src/hotspot/share/runtime/sharedRuntime.cpp, line 584]
Event: 3.223 Thread 0x0000023d86796000 Implicit null exception at 0x0000023d8b31bf6d to 0x0000023d8b31c25f
Event: 3.223 Thread 0x0000023d86796000 Exception <a 'java/lang/NullPointerException'{0x000000008b5ef218}> (0x000000008b5ef218) thrown at [c:/BuildAgent/work/5ff2f6c26000d570/src/hotspot/share/runtime/sharedRuntime.cpp, line 584]
Event: 3.223 Thread 0x0000023d86796000 Implicit null exception at 0x0000023d8b31bf6d to 0x0000023d8b31c25f
Event: 3.223 Thread 0x0000023d86796000 Exception <a 'java/lang/NullPointerException'{0x000000008b5f0060}> (0x000000008b5f0060) thrown at [c:/BuildAgent/work/5ff2f6c26000d570/src/hotspot/share/runtime/sharedRuntime.cpp, line 584]
Event: 3.224 Thread 0x0000023d86796000 Implicit null exception at 0x0000023d8b31bf6d to 0x0000023d8b31c25f
Event: 3.224 Thread 0x0000023d86796000 Exception <a 'java/lang/NullPointerException'{0x000000008b5f0f08}> (0x000000008b5f0f08) thrown at [c:/BuildAgent/work/5ff2f6c26000d570/src/hotspot/share/runtime/sharedRuntime.cpp, line 584]
Event: 3.224 Thread 0x0000023d86796000 Implicit null exception at 0x0000023d8b31bf6d to 0x0000023d8b31c25f
Event: 3.224 Thread 0x0000023d86796000 Exception <a 'java/lang/NullPointerException'{0x000000008b5f1d50}> (0x000000008b5f1d50) thrown at [c:/BuildAgent/work/5ff2f6c26000d570/src/hotspot/share/runtime/sharedRuntime.cpp, line 584]
Event: 3.236 Thread 0x0000023d86796000 Exception <a 'java/lang/NoSuchMethodError'{0x000000008b4ba9a0}: 'java.lang.Object java.lang.invoke.DirectMethodHandle$Holder.invokeVirtual(java.lang.Object, java.lang.Object, int)'> (0x000000008b4ba9a0) thrown at [c:/BuildAgent/work/5ff2f6c26000d570/src/h
Event: 3.345 Thread 0x0000023da2c55800 Exception <a 'java/lang/reflect/InvocationTargetException'{0x000000008ab096d0}> (0x000000008ab096d0) thrown at [c:/BuildAgent/work/5ff2f6c26000d570/src/hotspot/share/runtime/reflection.cpp, line 1246]

Events (20 events):
Event: 3.334 loading class com/mysql/cj/protocol/a/authentication/MysqlClearPasswordPlugin done
Event: 3.334 loading class com/mysql/cj/protocol/a/authentication/Sha256PasswordPlugin
Event: 3.334 loading class com/mysql/cj/protocol/a/authentication/Sha256PasswordPlugin done
Event: 3.335 loading class com/mysql/cj/protocol/a/authentication/CachingSha2PasswordPlugin
Event: 3.335 loading class com/mysql/cj/protocol/a/authentication/CachingSha2PasswordPlugin done
Event: 3.335 loading class com/mysql/cj/protocol/a/authentication/CachingSha2PasswordPlugin$AuthStage
Event: 3.335 loading class com/mysql/cj/protocol/a/authentication/CachingSha2PasswordPlugin$AuthStage done
Event: 3.335 loading class com/mysql/cj/protocol/a/authentication/MysqlOldPasswordPlugin
Event: 3.335 loading class com/mysql/cj/protocol/a/authentication/MysqlOldPasswordPlugin done
Event: 3.336 loading class com/mysql/cj/protocol/ExportControlled
Event: 3.336 loading class com/mysql/cj/protocol/ExportControlled done
Event: 3.338 loading class com/mysql/cj/CharsetMapping
Event: 3.338 loading class com/mysql/cj/CharsetMapping done
Event: 3.339 loading class com/mysql/cj/MysqlCharset
Event: 3.339 loading class com/mysql/cj/MysqlCharset done
Event: 3.339 loading class java/nio/charset/Charset$ExtendedProviderHolder
Event: 3.340 loading class java/nio/charset/Charset$ExtendedProviderHolder done
Event: 3.340 loading class java/nio/charset/Charset$ExtendedProviderHolder$1
Event: 3.340 loading class java/nio/charset/Charset$ExtendedProviderHolder$1 done
Event: 3.342 Thread 0x0000023da3310800 Thread added: 0x0000023da3310800


Dynamic libraries:
0x00007ff69d4d0000 - 0x00007ff69d4da000 	C:\Program Files\JetBrains\IntelliJ IDEA 2019.2\jbr\bin\java.exe
0x00007ff80aac0000 - 0x00007ff80acb0000 	C:\Windows\SYSTEM32\ntdll.dll
0x00007ff808c10000 - 0x00007ff808cc2000 	C:\Windows\System32\KERNEL32.DLL
0x00007ff8085a0000 - 0x00007ff808843000 	C:\Windows\System32\KERNELBASE.dll
0x00007ff8084a0000 - 0x00007ff80859a000 	C:\Windows\System32\ucrtbase.dll
0x00007ffff89e0000 - 0x00007ffff89f9000 	C:\Program Files\JetBrains\IntelliJ IDEA 2019.2\jbr\bin\jli.dll
0x00007ffff3280000 - 0x00007ffff3297000 	C:\Program Files\JetBrains\IntelliJ IDEA 2019.2\jbr\bin\VCRUNTIME140.dll
0x00007ff80a2b0000 - 0x00007ff80a443000 	C:\Windows\System32\USER32.dll
0x00007ff808850000 - 0x00007ff808871000 	C:\Windows\System32\win32u.dll
0x00007ff809d30000 - 0x00007ff809d56000 	C:\Windows\System32\GDI32.dll
0x00007ffff3ba0000 - 0x00007ffff3e25000 	C:\Windows\WinSxS\amd64_microsoft.windows.common-controls_6595b64144ccf1df_6.0.18362.329_none_e6c7b0c7130c72de\COMCTL32.dll
0x00007ff807a90000 - 0x00007ff807c24000 	C:\Windows\System32\gdi32full.dll
0x00007ff808e20000 - 0x00007ff808ebe000 	C:\Windows\System32\msvcrt.dll
0x00007ff809dd0000 - 0x00007ff80a106000 	C:\Windows\System32\combase.dll
0x00007ff8088b0000 - 0x00007ff80894e000 	C:\Windows\System32\msvcp_win.dll
0x00007ff809760000 - 0x00007ff809880000 	C:\Windows\System32\RPCRT4.dll
0x00007ff807c50000 - 0x00007ff807cd0000 	C:\Windows\System32\bcryptPrimitives.dll
0x00007ff809ba0000 - 0x00007ff809bce000 	C:\Windows\System32\IMM32.DLL
0x00007fffc39a0000 - 0x00007fffc3a3d000 	C:\Program Files\JetBrains\IntelliJ IDEA 2019.2\jbr\bin\msvcp140.dll
0x00007fffc1790000 - 0x00007fffc224b000 	C:\Program Files\JetBrains\IntelliJ IDEA 2019.2\jbr\bin\server\jvm.dll
0x00007ff809910000 - 0x00007ff8099b3000 	C:\Windows\System32\ADVAPI32.dll
0x00007ff808cd0000 - 0x00007ff808d67000 	C:\Windows\System32\sechost.dll
0x00007ff809b90000 - 0x00007ff809b98000 	C:\Windows\System32\PSAPI.DLL
0x00007ffffbcd0000 - 0x00007ffffbcd9000 	C:\Windows\SYSTEM32\WSOCK32.dll
0x00007ff809d60000 - 0x00007ff809dcf000 	C:\Windows\System32\WS2_32.dll
0x00007ff805940000 - 0x00007ff805964000 	C:\Windows\SYSTEM32\WINMM.dll
0x00007ffffb0f0000 - 0x00007ffffb0fa000 	C:\Windows\SYSTEM32\VERSION.dll
0x00007ff8055a0000 - 0x00007ff8055cd000 	C:\Windows\SYSTEM32\winmmbase.dll
0x00007ff807cd0000 - 0x00007ff807d1a000 	C:\Windows\System32\cfgmgr32.dll
0x00007ff8079e0000 - 0x00007ff8079f1000 	C:\Windows\System32\kernel.appcore.dll
0x00007ffffbcb0000 - 0x00007ffffbcc1000 	C:\Program Files\JetBrains\IntelliJ IDEA 2019.2\jbr\bin\verify.dll
0x00007ffff9cf0000 - 0x00007ffff9ee4000 	C:\Windows\SYSTEM32\DBGHELP.DLL
0x00007ffff9c00000 - 0x00007ffff9c2a000 	C:\Windows\SYSTEM32\dbgcore.DLL
0x00007ffffa3f0000 - 0x00007ffffa419000 	C:\Program Files\JetBrains\IntelliJ IDEA 2019.2\jbr\bin\java.dll
0x00007ffffb9f0000 - 0x00007ffffb9ff000 	C:\Program Files\JetBrains\IntelliJ IDEA 2019.2\jbr\bin\instrument.dll
0x00007ffff8090000 - 0x00007ffff80a7000 	C:\Program Files\JetBrains\IntelliJ IDEA 2019.2\jbr\bin\zip.dll
0x00007ffffb910000 - 0x00007ffffb91b000 	C:\Program Files\JetBrains\IntelliJ IDEA 2019.2\jbr\bin\jimage.dll
0x00007ff808ec0000 - 0x00007ff8095a5000 	C:\Windows\System32\SHELL32.dll
0x00007ff80a200000 - 0x00007ff80a2a9000 	C:\Windows\System32\shcore.dll
0x00007ff807d20000 - 0x00007ff80849e000 	C:\Windows\System32\windows.storage.dll
0x00007ff807a70000 - 0x00007ff807a8f000 	C:\Windows\System32\profapi.dll
0x00007ff807a20000 - 0x00007ff807a6a000 	C:\Windows\System32\powrprof.dll
0x00007ff8079d0000 - 0x00007ff8079e0000 	C:\Windows\System32\UMPDC.dll
0x00007ff808bb0000 - 0x00007ff808c02000 	C:\Windows\System32\shlwapi.dll
0x00007ff807c30000 - 0x00007ff807c47000 	C:\Windows\System32\cryptsp.dll
0x00007ffff8070000 - 0x00007ffff808a000 	C:\Program Files\JetBrains\IntelliJ IDEA 2019.2\jbr\bin\net.dll
0x00007ffffd810000 - 0x00007ffffd900000 	C:\Windows\SYSTEM32\WINHTTP.dll
0x00007ff807240000 - 0x00007ff8072a7000 	C:\Windows\system32\mswsock.dll
0x00007ffff8050000 - 0x00007ffff8064000 	C:\Program Files\JetBrains\IntelliJ IDEA 2019.2\jbr\bin\nio.dll
0x00007ffffebd0000 - 0x00007ffffebea000 	C:\Program Files\JetBrains\IntelliJ IDEA 2019.2\bin\breakgen64.dll
0x00007ff806f90000 - 0x00007ff80705a000 	C:\Windows\SYSTEM32\DNSAPI.dll
0x00007ff809880000 - 0x00007ff809888000 	C:\Windows\System32\NSI.dll
0x00007ff806f50000 - 0x00007ff806f8a000 	C:\Windows\SYSTEM32\IPHLPAPI.DLL
0x00007ffffccc0000 - 0x00007ffffccca000 	C:\Windows\System32\rasadhlp.dll
0x00007ffffe300000 - 0x00007ffffe377000 	C:\Windows\System32\fwpuclnt.dll
0x00007ff808880000 - 0x00007ff8088a6000 	C:\Windows\System32\bcrypt.dll
0x00007ffff8950000 - 0x00007ffff895a000 	C:\Program Files\JetBrains\IntelliJ IDEA 2019.2\jbr\bin\management.dll
0x00007ffff7da0000 - 0x00007ffff7dac000 	C:\Program Files\JetBrains\IntelliJ IDEA 2019.2\jbr\bin\management_ext.dll
0x00007ff806db0000 - 0x00007ff806de3000 	C:\Windows\system32\rsaenh.dll
0x00007ff8078c0000 - 0x00007ff8078e5000 	C:\Windows\SYSTEM32\USERENV.dll
0x00007ff807410000 - 0x00007ff80741c000 	C:\Windows\SYSTEM32\CRYPTBASE.dll
0x00007ffffe5e0000 - 0x00007ffffe5f6000 	C:\Windows\SYSTEM32\dhcpcsvc6.DLL
0x00007ffffeb70000 - 0x00007ffffeb8c000 	C:\Windows\SYSTEM32\dhcpcsvc.DLL
0x00007ffff3af0000 - 0x00007ffff3b06000 	C:\Windows\system32\napinsp.dll
0x00007ffff3ad0000 - 0x00007ffff3aea000 	C:\Windows\system32\pnrpnsp.dll
0x00007ffff3ac0000 - 0x00007ffff3ace000 	C:\Windows\System32\winrnr.dll
0x00007ff804200000 - 0x00007ff80421c000 	C:\Windows\system32\NLAapi.dll
0x00007ffff38e0000 - 0x00007ffff38f5000 	C:\Windows\system32\wshbth.dll
0x00007ffff4f50000 - 0x00007ffff4f78000 	C:\Program Files\JetBrains\IntelliJ IDEA 2019.2\jbr\bin\sunec.dll

dbghelp: loaded successfully - version: 4.0.5 - missing functions: none
symbol engine: initialized successfully - sym options: 0x614 - pdb path: .;C:\Program Files\JetBrains\IntelliJ IDEA 2019.2\jbr\bin;C:\Windows\SYSTEM32;C:\Windows\WinSxS\amd64_microsoft.windows.common-controls_6595b64144ccf1df_6.0.18362.329_none_e6c7b0c7130c72de;C:\Program Files\JetBrains\IntelliJ IDEA 2019.2\jbr\bin\server;C:\Program Files\JetBrains\IntelliJ IDEA 2019.2\bin

VM Arguments:
jvm_args: -XX:TieredStopAtLevel=1 -Xverify:none -Dspring.output.ansi.enabled=always -Dcom.sun.management.jmxremote -Dspring.jmx.enabled=true -Dspring.liveBeansView.mbeanDomain -Dspring.application.admin.enabled=true -javaagent:C:\Program Files\JetBrains\IntelliJ IDEA 2019.2\lib\idea_rt.jar=61885:C:\Program Files\JetBrains\IntelliJ IDEA 2019.2\bin -Dfile.encoding=UTF-8 
java_command: com.example.java_technologies.JavaTechnologiesApplication
java_class_path (initial): C:\Users\Armen\IdeaProjects\java_technologies\target\classes;C:\Users\Armen\.m2\repository\org\springframework\boot\spring-boot-starter\2.2.5.RELEASE\spring-boot-starter-2.2.5.RELEASE.jar;C:\Users\Armen\.m2\repository\org\springframework\boot\spring-boot\2.2.5.RELEASE\spring-boot-2.2.5.RELEASE.jar;C:\Users\Armen\.m2\repository\org\springframework\spring-context\5.2.4.RELEASE\spring-context-5.2.4.RELEASE.jar;C:\Users\Armen\.m2\repository\org\springframework\boot\spring-boot-autoconfigure\2.2.5.RELEASE\spring-boot-autoconfigure-2.2.5.RELEASE.jar;C:\Users\Armen\.m2\repository\org\springframework\boot\spring-boot-starter-logging\2.2.5.RELEASE\spring-boot-starter-logging-2.2.5.RELEASE.jar;C:\Users\Armen\.m2\repository\ch\qos\logback\logback-classic\1.2.3\logback-classic-1.2.3.jar;C:\Users\Armen\.m2\repository\ch\qos\logback\logback-core\1.2.3\logback-core-1.2.3.jar;C:\Users\Armen\.m2\repository\org\apache\logging\log4j\log4j-to-slf4j\2.12.1\log4j-to-slf4j-2.12.1.jar;C:\Users\Armen\.m2\repository\org\apache\logging\log4j\log4j-api\2.12.1\log4j-api-2.12.1.jar;C:\Users\Armen\.m2\repository\org\slf4j\jul-to-slf4j\1.7.30\jul-to-slf4j-1.7.30.jar;C:\Users\Armen\.m2\repository\jakarta\annotation\jakarta.annotation-api\1.3.5\jakarta.annotation-api-1.3.5.jar;C:\Users\Armen\.m2\repository\org\springframework\spring-core\5.2.4.RELEASE\spring-core-5.2.4.RELEASE.jar;C:\Users\Armen\.m2\repository\org\springframework\spring-jcl\5.2.4.RELEASE\spring-jcl-5.2.4.RELEASE.jar;C:\Users\Armen\.m2\repository\org\yaml\snakeyaml\1.25\snakeyaml-1.25.jar;C:\Users\Armen\.m2\repository\org\springframework\boot\spring-boot-starter-data-jpa\2.2.5.RELEASE\spring-boot-starter-data-jpa-2.2.5.RELEASE.jar;C:\Users\Armen\.m2\repository\org\springframework\boot\spring-boot-starter-aop\2.2.5.RELEASE\spring-boot-starter-aop-2.2.5.RELEASE.jar;C:\Users\Armen\.m2\repository\org\springframework\spring-aop\5.2.4.RELEASE\spring-aop-5.2.4.RELEASE.jar;C:\Users\Armen\.m2\repository\org\aspect
Launcher Type: SUN_STANDARD

[Global flags]
     bool BytecodeVerificationLocal                = false                                     {product} {command line}
     bool BytecodeVerificationRemote               = false                                     {product} {command line}
     intx CICompilerCount                          = 3                                         {product} {ergonomic}
     uint ConcGCThreads                            = 1                                         {product} {ergonomic}
     uint G1ConcRefinementThreads                  = 4                                         {product} {ergonomic}
   size_t G1HeapRegionSize                         = 1048576                                   {product} {ergonomic}
    uintx GCDrainStackTargetSize                   = 64                                        {product} {ergonomic}
   size_t InitialHeapSize                          = 134217728                                 {product} {ergonomic}
     bool ManagementServer                         = true                                      {product} {command line}
   size_t MarkStackSize                            = 4194304                                   {product} {ergonomic}
   size_t MaxHeapSize                              = 2118123520                                {product} {ergonomic}
   size_t MaxNewSize                               = 1270874112                                {product} {ergonomic}
   size_t MinHeapDeltaBytes                        = 1048576                                   {product} {ergonomic}
    uintx NonNMethodCodeHeapSize                   = 6973028                                {pd product} {ergonomic}
    uintx NonProfiledCodeHeapSize                  = 244685212                              {pd product} {ergonomic}
    uintx ProfiledCodeHeapSize                     = 0                                      {pd product} {ergonomic}
    uintx ReservedCodeCacheSize                    = 251658240                              {pd product} {ergonomic}
     bool SegmentedCodeCache                       = true                                      {product} {ergonomic}
     intx TieredStopAtLevel                        = 1                                         {product} {command line}
     bool UseCompressedClassPointers               = true                                 {lp64_product} {ergonomic}
     bool UseCompressedOops                        = true                                 {lp64_product} {ergonomic}
     bool UseG1GC                                  = true                                      {product} {ergonomic}
     bool UseLargePagesIndividualAllocation        = false                                  {pd product} {ergonomic}

Logging:
Log output configuration:
 #0: stdout all=warning uptime,level,tags
 #1: stderr all=off uptime,level,tags

Environment Variables:
PATH=C:\Program Files (x86)\Intel\iCLS Client\;C:\Program Files\Intel\iCLS Client\;C:\Windows\system32;C:\Windows;C:\Windows\System32\Wbem;C:\Windows\System32\WindowsPowerShell\v1.0\;C:\Program Files\Intel\Intel(R) Management Engine Components\DAL;C:\Program Files\Intel\Intel(R) Management Engine Components\IPT;C:\Program Files (x86)\Intel\Intel(R) Management Engine Components\DAL;C:\Program Files (x86)\Intel\Intel(R) Management Engine Components\IPT;C:\Program Files (x86)\AMD\ATI.ACE\Core-Static;C:\Program Files (x86)\CryptoTech\CryptoCard\;C:\Program Files\CryptoTech\CryptoCard\;C:\Program Files\Git\cmd;C:\Program Files\MySQL\MySQL Shell 8.0\bin\;C:\Users\Armen\AppData\Local\Microsoft\WindowsApps;C:\Program Files\JetBrains\IntelliJ IDEA 2019.2\bin;C:\Users\Armen\AppData\Local\atom\bin
USERNAME=Armen
OS=Windows_NT
PROCESSOR_IDENTIFIER=Intel64 Family 6 Model 69 Stepping 1, GenuineIntel



---------------  S Y S T E M  ---------------

OS: Windows 10 , 64 bit Build 18362 (10.0.18362.329)

CPU:total 4 (initial active 4) (2 cores per cpu, 2 threads per core) family 6 model 69 stepping 1, cmov, cx8, fxsr, mmx, sse, sse2, sse3, ssse3, sse4.1, sse4.2, popcnt, avx, avx2, aes, clmul, erms, lzcnt, ht, tsc, tscinvbit, bmi1, bmi2, fma

Memory: 4k page, system-wide physical 8072M (1036M free)
TotalPageFile size 8072M (AvailPageFile size 3M)
current process WorkingSet (physical memory assigned to process): 210M, peak: 210M
current process commit charge ("private bytes"): 278M, peak: 278M

vm_info: OpenJDK 64-Bit Server VM (11.0.5+10-b520.38) for windows-amd64 JRE (11.0.5+10-b520.38), built on Jan 23 2020 07:58:32 by "" with MS VC++ 14.0 (VS2015)

END.
